<?xml version="1.0" encoding="UTF-8"?>
<testng-results skipped="0" failed="0" ignored="0" total="1" passed="1">
  <reporter-output>
  </reporter-output>
  <suite name="Surefire suite" duration-ms="121831" started-at="2020-06-26T12:32:16Z" finished-at="2020-06-26T12:34:18Z">
    <groups>
    </groups>
    <test name="Surefire test" duration-ms="121831" started-at="2020-06-26T12:32:16Z" finished-at="2020-06-26T12:34:18Z">
      <class name="com.frontline.step.RunnerCukes">
        <test-method status="PASS" signature="testCukesRunner() throws java.lang.Exception" name="testCukesRunner" duration-ms="121723" started-at="2020-06-26T12:32:16Z" finished-at="2020-06-26T12:34:18Z">
          <reporter-output>
          </reporter-output>
        </test-method> <!-- testCukesRunner -->
      </class> <!-- com.frontline.step.RunnerCukes -->
    </test> <!-- Surefire test -->
  </suite> <!-- Surefire suite -->
</testng-results>
